[2025-12-15T07:24:46.892+0000] {local_task_job_runner.py:123} INFO - ::group::Pre task execution logs
[2025-12-15T07:24:46.897+0000] {taskinstance.py:2603} INFO - Dependencies all met for dep_context=non-requeueable deps ti=<TaskInstance: pg_to_ch_dbt_incremental_dwh.dbt_run_raw_ods scheduled__2025-12-15T07:00:00+00:00 [queued]>
[2025-12-15T07:24:46.899+0000] {taskinstance.py:2603} INFO - Dependencies all met for dep_context=requeueable deps ti=<TaskInstance: pg_to_ch_dbt_incremental_dwh.dbt_run_raw_ods scheduled__2025-12-15T07:00:00+00:00 [queued]>
[2025-12-15T07:24:46.900+0000] {taskinstance.py:2856} INFO - Starting attempt 1 of 1
[2025-12-15T07:24:46.906+0000] {taskinstance.py:2879} INFO - Executing <Task(BashOperator): dbt_run_raw_ods> on 2025-12-15 07:00:00+00:00
[2025-12-15T07:24:46.909+0000] {standard_task_runner.py:72} INFO - Started process 22808 to run task
[2025-12-15T07:24:46.912+0000] {standard_task_runner.py:104} INFO - Running: ['airflow', 'tasks', 'run', 'pg_to_ch_dbt_incremental_dwh', 'dbt_run_raw_ods', 'scheduled__2025-12-15T07:00:00+00:00', '--job-id', '20', '--raw', '--subdir', 'DAGS_FOLDER/dbt_incremental_dag.py', '--cfg-path', '/tmp/tmpdxr_cx71']
[2025-12-15T07:24:46.913+0000] {standard_task_runner.py:105} INFO - Job 20: Subtask dbt_run_raw_ods
[2025-12-15T07:24:46.939+0000] {task_command.py:467} INFO - Running <TaskInstance: pg_to_ch_dbt_incremental_dwh.dbt_run_raw_ods scheduled__2025-12-15T07:00:00+00:00 [running]> on host 5278fa643bd3
[2025-12-15T07:24:46.971+0000] {taskinstance.py:3122} INFO - Exporting env vars: AIRFLOW_CTX_DAG_OWNER='airflow' AIRFLOW_CTX_DAG_ID='pg_to_ch_dbt_incremental_dwh' AIRFLOW_CTX_TASK_ID='dbt_run_raw_ods' AIRFLOW_CTX_EXECUTION_DATE='2025-12-15T07:00:00+00:00' AIRFLOW_CTX_TRY_NUMBER='1' AIRFLOW_CTX_DAG_RUN_ID='scheduled__2025-12-15T07:00:00+00:00'
[2025-12-15T07:24:46.971+0000] {taskinstance.py:731} INFO - ::endgroup::
[2025-12-15T07:24:46.979+0000] {subprocess.py:63} INFO - Tmp dir root location: /tmp
[2025-12-15T07:24:46.981+0000] {subprocess.py:75} INFO - Running command: ['/usr/bin/bash', '-c', 'cd /opt/airflow/dbt && dbt run --select raw_* ods_*']
[2025-12-15T07:24:46.993+0000] {subprocess.py:86} INFO - Output:
[2025-12-15T07:24:47.004+0000] {subprocess.py:93} INFO - /usr/bin/bash: line 1: dbt: command not found
[2025-12-15T07:24:47.004+0000] {subprocess.py:97} INFO - Command exited with return code 127
[2025-12-15T07:24:47.009+0000] {taskinstance.py:3301} ERROR - Task failed with exception
Traceback (most recent call last):
  File "/home/airflow/.local/lib/python3.11/site-packages/airflow/models/taskinstance.py", line 767, in _execute_task
    result = _execute_callable(context=context, **execute_callable_kwargs)
             ^^^^^^^^^^^^^^^^^^^^^^^^^^^^^^^^^^^^^^^^^^^^^^^^^^^^^^^^^^^^^
  File "/home/airflow/.local/lib/python3.11/site-packages/airflow/models/taskinstance.py", line 733, in _execute_callable
    return ExecutionCallableRunner(
           ^^^^^^^^^^^^^^^^^^^^^^^^
  File "/home/airflow/.local/lib/python3.11/site-packages/airflow/utils/operator_helpers.py", line 252, in run
    return self.func(*args, **kwargs)
           ^^^^^^^^^^^^^^^^^^^^^^^^^^
  File "/home/airflow/.local/lib/python3.11/site-packages/airflow/models/baseoperator.py", line 406, in wrapper
    return func(self, *args, **kwargs)
           ^^^^^^^^^^^^^^^^^^^^^^^^^^^
  File "/home/airflow/.local/lib/python3.11/site-packages/airflow/operators/bash.py", line 249, in execute
    raise AirflowException(
airflow.exceptions.AirflowException: Bash command failed. The command returned a non-zero exit code 127.
[2025-12-15T07:24:47.012+0000] {taskinstance.py:1225} INFO - Marking task as FAILED. dag_id=pg_to_ch_dbt_incremental_dwh, task_id=dbt_run_raw_ods, run_id=scheduled__2025-12-15T07:00:00+00:00, execution_date=20251215T070000, start_date=20251215T072446, end_date=20251215T072447
[2025-12-15T07:24:47.019+0000] {taskinstance.py:340} INFO - ::group::Post task execution logs
[2025-12-15T07:24:47.019+0000] {standard_task_runner.py:124} ERROR - Failed to execute job 20 for task dbt_run_raw_ods (Bash command failed. The command returned a non-zero exit code 127.; 22808)
Traceback (most recent call last):
  File "/home/airflow/.local/lib/python3.11/site-packages/airflow/task/task_runner/standard_task_runner.py", line 117, in _start_by_fork
    ret = args.func(args, dag=self.dag)
          ^^^^^^^^^^^^^^^^^^^^^^^^^^^^^
  File "/home/airflow/.local/lib/python3.11/site-packages/airflow/cli/cli_config.py", line 49, in command
    return func(*args, **kwargs)
           ^^^^^^^^^^^^^^^^^^^^^
  File "/home/airflow/.local/lib/python3.11/site-packages/airflow/utils/cli.py", line 115, in wrapper
    return f(*args, **kwargs)
           ^^^^^^^^^^^^^^^^^^
  File "/home/airflow/.local/lib/python3.11/site-packages/airflow/cli/commands/task_command.py", line 483, in task_run
    task_return_code = _run_task_by_selected_method(args, _dag, ti)
                       ^^^^^^^^^^^^^^^^^^^^^^^^^^^^^^^^^^^^^^^^^^^^
  File "/home/airflow/.local/lib/python3.11/site-packages/airflow/cli/commands/task_command.py", line 256, in _run_task_by_selected_method
    return _run_raw_task(args, ti)
           ^^^^^^^^^^^^^^^^^^^^^^^
  File "/home/airflow/.local/lib/python3.11/site-packages/airflow/cli/commands/task_command.py", line 341, in _run_raw_task
    return ti._run_raw_task(
           ^^^^^^^^^^^^^^^^^
  File "/home/airflow/.local/lib/python3.11/site-packages/airflow/utils/session.py", line 97, in wrapper
    return func(*args, session=session, **kwargs)
           ^^^^^^^^^^^^^^^^^^^^^^^^^^^^^^^^^^^^^^
  File "/home/airflow/.local/lib/python3.11/site-packages/airflow/models/taskinstance.py", line 2995, in _run_raw_task
    return _run_raw_task(
           ^^^^^^^^^^^^^^
  File "/home/airflow/.local/lib/python3.11/site-packages/airflow/models/taskinstance.py", line 273, in _run_raw_task
    TaskInstance._execute_task_with_callbacks(
  File "/home/airflow/.local/lib/python3.11/site-packages/airflow/models/taskinstance.py", line 3149, in _execute_task_with_callbacks
    result = self._execute_task(context, task_orig)
             ^^^^^^^^^^^^^^^^^^^^^^^^^^^^^^^^^^^^^^
  File "/home/airflow/.local/lib/python3.11/site-packages/airflow/models/taskinstance.py", line 3173, in _execute_task
    return _execute_task(self, context, task_orig)
           ^^^^^^^^^^^^^^^^^^^^^^^^^^^^^^^^^^^^^^^
  File "/home/airflow/.local/lib/python3.11/site-packages/airflow/models/taskinstance.py", line 767, in _execute_task
    result = _execute_callable(context=context, **execute_callable_kwargs)
             ^^^^^^^^^^^^^^^^^^^^^^^^^^^^^^^^^^^^^^^^^^^^^^^^^^^^^^^^^^^^^
  File "/home/airflow/.local/lib/python3.11/site-packages/airflow/models/taskinstance.py", line 733, in _execute_callable
    return ExecutionCallableRunner(
           ^^^^^^^^^^^^^^^^^^^^^^^^
  File "/home/airflow/.local/lib/python3.11/site-packages/airflow/utils/operator_helpers.py", line 252, in run
    return self.func(*args, **kwargs)
           ^^^^^^^^^^^^^^^^^^^^^^^^^^
  File "/home/airflow/.local/lib/python3.11/site-packages/airflow/models/baseoperator.py", line 406, in wrapper
    return func(self, *args, **kwargs)
           ^^^^^^^^^^^^^^^^^^^^^^^^^^^
  File "/home/airflow/.local/lib/python3.11/site-packages/airflow/operators/bash.py", line 249, in execute
    raise AirflowException(
airflow.exceptions.AirflowException: Bash command failed. The command returned a non-zero exit code 127.
[2025-12-15T07:24:47.051+0000] {local_task_job_runner.py:261} INFO - Task exited with return code 1
[2025-12-15T07:24:47.058+0000] {taskinstance.py:3891} INFO - 0 downstream tasks scheduled from follow-on schedule check
[2025-12-15T07:24:47.058+0000] {local_task_job_runner.py:240} INFO - ::endgroup::
[2025-12-15T07:30:45.993+0000] {local_task_job_runner.py:123} INFO - ::group::Pre task execution logs
[2025-12-15T07:30:45.998+0000] {taskinstance.py:2603} INFO - Dependencies all met for dep_context=non-requeueable deps ti=<TaskInstance: pg_to_ch_dbt_incremental_dwh.dbt_run_raw_ods scheduled__2025-12-15T07:00:00+00:00 [queued]>
[2025-12-15T07:30:46.000+0000] {taskinstance.py:2603} INFO - Dependencies all met for dep_context=requeueable deps ti=<TaskInstance: pg_to_ch_dbt_incremental_dwh.dbt_run_raw_ods scheduled__2025-12-15T07:00:00+00:00 [queued]>
[2025-12-15T07:30:46.000+0000] {taskinstance.py:2856} INFO - Starting attempt 1 of 1
[2025-12-15T07:30:46.007+0000] {taskinstance.py:2879} INFO - Executing <Task(BashOperator): dbt_run_raw_ods> on 2025-12-15 07:00:00+00:00
[2025-12-15T07:30:46.010+0000] {standard_task_runner.py:72} INFO - Started process 69 to run task
[2025-12-15T07:30:46.012+0000] {standard_task_runner.py:104} INFO - Running: ['airflow', 'tasks', 'run', 'pg_to_ch_dbt_incremental_dwh', 'dbt_run_raw_ods', 'scheduled__2025-12-15T07:00:00+00:00', '--job-id', '3', '--raw', '--subdir', 'DAGS_FOLDER/dbt_incremental_dag.py', '--cfg-path', '/tmp/tmpy5olmdz9']
[2025-12-15T07:30:46.013+0000] {standard_task_runner.py:105} INFO - Job 3: Subtask dbt_run_raw_ods
[2025-12-15T07:30:46.033+0000] {task_command.py:467} INFO - Running <TaskInstance: pg_to_ch_dbt_incremental_dwh.dbt_run_raw_ods scheduled__2025-12-15T07:00:00+00:00 [running]> on host 03773faa8bad
[2025-12-15T07:30:46.061+0000] {taskinstance.py:3122} INFO - Exporting env vars: AIRFLOW_CTX_DAG_OWNER='airflow' AIRFLOW_CTX_DAG_ID='pg_to_ch_dbt_incremental_dwh' AIRFLOW_CTX_TASK_ID='dbt_run_raw_ods' AIRFLOW_CTX_EXECUTION_DATE='2025-12-15T07:00:00+00:00' AIRFLOW_CTX_TRY_NUMBER='1' AIRFLOW_CTX_DAG_RUN_ID='scheduled__2025-12-15T07:00:00+00:00'
[2025-12-15T07:30:46.061+0000] {taskinstance.py:731} INFO - ::endgroup::
[2025-12-15T07:30:46.069+0000] {subprocess.py:63} INFO - Tmp dir root location: /tmp
[2025-12-15T07:30:46.070+0000] {subprocess.py:75} INFO - Running command: ['/usr/bin/bash', '-c', 'cd /opt/airflow/dbt && dbt run --select raw_* ods_*']
[2025-12-15T07:30:46.074+0000] {subprocess.py:86} INFO - Output:
[2025-12-15T07:30:47.631+0000] {subprocess.py:93} INFO - [0m07:30:47  Running with dbt=1.10.15
[2025-12-15T07:30:47.663+0000] {subprocess.py:93} INFO - [0m07:30:47  Encountered an error:
[2025-12-15T07:30:47.663+0000] {subprocess.py:93} INFO - Runtime Error
[2025-12-15T07:30:47.663+0000] {subprocess.py:93} INFO -   Credentials in profile "bank_clickhouse", target "dev" invalid: False is not of type 'string'
[2025-12-15T07:30:48.459+0000] {subprocess.py:97} INFO - Command exited with return code 2
[2025-12-15T07:30:48.491+0000] {taskinstance.py:3301} ERROR - Task failed with exception
Traceback (most recent call last):
  File "/home/airflow/.local/lib/python3.11/site-packages/airflow/models/taskinstance.py", line 767, in _execute_task
    result = _execute_callable(context=context, **execute_callable_kwargs)
             ^^^^^^^^^^^^^^^^^^^^^^^^^^^^^^^^^^^^^^^^^^^^^^^^^^^^^^^^^^^^^
  File "/home/airflow/.local/lib/python3.11/site-packages/airflow/models/taskinstance.py", line 733, in _execute_callable
    return ExecutionCallableRunner(
           ^^^^^^^^^^^^^^^^^^^^^^^^
  File "/home/airflow/.local/lib/python3.11/site-packages/airflow/utils/operator_helpers.py", line 252, in run
    return self.func(*args, **kwargs)
           ^^^^^^^^^^^^^^^^^^^^^^^^^^
  File "/home/airflow/.local/lib/python3.11/site-packages/airflow/models/baseoperator.py", line 406, in wrapper
    return func(self, *args, **kwargs)
           ^^^^^^^^^^^^^^^^^^^^^^^^^^^
  File "/home/airflow/.local/lib/python3.11/site-packages/airflow/operators/bash.py", line 249, in execute
    raise AirflowException(
airflow.exceptions.AirflowException: Bash command failed. The command returned a non-zero exit code 2.
[2025-12-15T07:30:48.496+0000] {taskinstance.py:1225} INFO - Marking task as FAILED. dag_id=pg_to_ch_dbt_incremental_dwh, task_id=dbt_run_raw_ods, run_id=scheduled__2025-12-15T07:00:00+00:00, execution_date=20251215T070000, start_date=20251215T073045, end_date=20251215T073048
[2025-12-15T07:30:48.523+0000] {taskinstance.py:340} INFO - ::group::Post task execution logs
[2025-12-15T07:30:48.524+0000] {standard_task_runner.py:124} ERROR - Failed to execute job 3 for task dbt_run_raw_ods (Bash command failed. The command returned a non-zero exit code 2.; 69)
Traceback (most recent call last):
  File "/home/airflow/.local/lib/python3.11/site-packages/airflow/task/task_runner/standard_task_runner.py", line 117, in _start_by_fork
    ret = args.func(args, dag=self.dag)
          ^^^^^^^^^^^^^^^^^^^^^^^^^^^^^
  File "/home/airflow/.local/lib/python3.11/site-packages/airflow/cli/cli_config.py", line 49, in command
    return func(*args, **kwargs)
           ^^^^^^^^^^^^^^^^^^^^^
  File "/home/airflow/.local/lib/python3.11/site-packages/airflow/utils/cli.py", line 115, in wrapper
    return f(*args, **kwargs)
           ^^^^^^^^^^^^^^^^^^
  File "/home/airflow/.local/lib/python3.11/site-packages/airflow/cli/commands/task_command.py", line 483, in task_run
    task_return_code = _run_task_by_selected_method(args, _dag, ti)
                       ^^^^^^^^^^^^^^^^^^^^^^^^^^^^^^^^^^^^^^^^^^^^
  File "/home/airflow/.local/lib/python3.11/site-packages/airflow/cli/commands/task_command.py", line 256, in _run_task_by_selected_method
    return _run_raw_task(args, ti)
           ^^^^^^^^^^^^^^^^^^^^^^^
  File "/home/airflow/.local/lib/python3.11/site-packages/airflow/cli/commands/task_command.py", line 341, in _run_raw_task
    return ti._run_raw_task(
           ^^^^^^^^^^^^^^^^^
  File "/home/airflow/.local/lib/python3.11/site-packages/airflow/utils/session.py", line 97, in wrapper
    return func(*args, session=session, **kwargs)
           ^^^^^^^^^^^^^^^^^^^^^^^^^^^^^^^^^^^^^^
  File "/home/airflow/.local/lib/python3.11/site-packages/airflow/models/taskinstance.py", line 2995, in _run_raw_task
    return _run_raw_task(
           ^^^^^^^^^^^^^^
  File "/home/airflow/.local/lib/python3.11/site-packages/airflow/models/taskinstance.py", line 273, in _run_raw_task
    TaskInstance._execute_task_with_callbacks(
  File "/home/airflow/.local/lib/python3.11/site-packages/airflow/models/taskinstance.py", line 3149, in _execute_task_with_callbacks
    result = self._execute_task(context, task_orig)
             ^^^^^^^^^^^^^^^^^^^^^^^^^^^^^^^^^^^^^^
  File "/home/airflow/.local/lib/python3.11/site-packages/airflow/models/taskinstance.py", line 3173, in _execute_task
    return _execute_task(self, context, task_orig)
           ^^^^^^^^^^^^^^^^^^^^^^^^^^^^^^^^^^^^^^^
  File "/home/airflow/.local/lib/python3.11/site-packages/airflow/models/taskinstance.py", line 767, in _execute_task
    result = _execute_callable(context=context, **execute_callable_kwargs)
             ^^^^^^^^^^^^^^^^^^^^^^^^^^^^^^^^^^^^^^^^^^^^^^^^^^^^^^^^^^^^^
  File "/home/airflow/.local/lib/python3.11/site-packages/airflow/models/taskinstance.py", line 733, in _execute_callable
    return ExecutionCallableRunner(
           ^^^^^^^^^^^^^^^^^^^^^^^^
  File "/home/airflow/.local/lib/python3.11/site-packages/airflow/utils/operator_helpers.py", line 252, in run
    return self.func(*args, **kwargs)
           ^^^^^^^^^^^^^^^^^^^^^^^^^^
  File "/home/airflow/.local/lib/python3.11/site-packages/airflow/models/baseoperator.py", line 406, in wrapper
    return func(self, *args, **kwargs)
           ^^^^^^^^^^^^^^^^^^^^^^^^^^^
  File "/home/airflow/.local/lib/python3.11/site-packages/airflow/operators/bash.py", line 249, in execute
    raise AirflowException(
airflow.exceptions.AirflowException: Bash command failed. The command returned a non-zero exit code 2.
[2025-12-15T07:30:48.540+0000] {local_task_job_runner.py:261} INFO - Task exited with return code 1
[2025-12-15T07:30:48.555+0000] {taskinstance.py:3891} INFO - 0 downstream tasks scheduled from follow-on schedule check
[2025-12-15T07:30:48.555+0000] {local_task_job_runner.py:240} INFO - ::endgroup::
