[2025-12-09T14:08:57.506+0000] {local_task_job_runner.py:123} INFO - ::group::Pre task execution logs
[2025-12-09T14:08:57.523+0000] {taskinstance.py:2603} INFO - Dependencies all met for dep_context=non-requeueable deps ti=<TaskInstance: pg_to_ch_simple_dwh.load_dim_terminal manual__2025-12-09T14:08:49.533553+00:00 [queued]>
[2025-12-09T14:08:57.532+0000] {taskinstance.py:2603} INFO - Dependencies all met for dep_context=requeueable deps ti=<TaskInstance: pg_to_ch_simple_dwh.load_dim_terminal manual__2025-12-09T14:08:49.533553+00:00 [queued]>
[2025-12-09T14:08:57.532+0000] {taskinstance.py:2856} INFO - Starting attempt 1 of 1
[2025-12-09T14:08:57.549+0000] {taskinstance.py:2879} INFO - Executing <Task(PythonOperator): load_dim_terminal> on 2025-12-09 14:08:49.533553+00:00
[2025-12-09T14:08:57.555+0000] {standard_task_runner.py:72} INFO - Started process 82 to run task
[2025-12-09T14:08:57.561+0000] {standard_task_runner.py:104} INFO - Running: ['airflow', 'tasks', 'run', 'pg_to_ch_simple_dwh', 'load_dim_terminal', 'manual__2025-12-09T14:08:49.533553+00:00', '--job-id', '10', '--raw', '--subdir', 'DAGS_FOLDER/pg_to_ch_dag.py', '--cfg-path', '/tmp/tmp0tfozffp']
[2025-12-09T14:08:57.566+0000] {standard_task_runner.py:105} INFO - Job 10: Subtask load_dim_terminal
[2025-12-09T14:08:57.619+0000] {task_command.py:467} INFO - Running <TaskInstance: pg_to_ch_simple_dwh.load_dim_terminal manual__2025-12-09T14:08:49.533553+00:00 [running]> on host dd0ab9420299
[2025-12-09T14:08:57.644+0000] {taskinstance.py:3122} INFO - Exporting env vars: AIRFLOW_CTX_DAG_OWNER='airflow' AIRFLOW_CTX_DAG_ID='pg_to_ch_simple_dwh' AIRFLOW_CTX_TASK_ID='load_dim_terminal' AIRFLOW_CTX_EXECUTION_DATE='2025-12-09T14:08:49.533553+00:00' AIRFLOW_CTX_TRY_NUMBER='1' AIRFLOW_CTX_DAG_RUN_ID='manual__2025-12-09T14:08:49.533553+00:00'
[2025-12-09T14:08:57.644+0000] {taskinstance.py:731} INFO - ::endgroup::
[2025-12-09T14:08:57.945+0000] {taskinstance.py:3301} ERROR - Task failed with exception
Traceback (most recent call last):
  File "/home/airflow/.local/lib/python3.11/site-packages/airflow/models/taskinstance.py", line 767, in _execute_task
    result = _execute_callable(context=context, **execute_callable_kwargs)
             ^^^^^^^^^^^^^^^^^^^^^^^^^^^^^^^^^^^^^^^^^^^^^^^^^^^^^^^^^^^^^
  File "/home/airflow/.local/lib/python3.11/site-packages/airflow/models/taskinstance.py", line 733, in _execute_callable
    return ExecutionCallableRunner(
           ^^^^^^^^^^^^^^^^^^^^^^^^
  File "/home/airflow/.local/lib/python3.11/site-packages/airflow/utils/operator_helpers.py", line 252, in run
    return self.func(*args, **kwargs)
           ^^^^^^^^^^^^^^^^^^^^^^^^^^
  File "/home/airflow/.local/lib/python3.11/site-packages/airflow/models/baseoperator.py", line 406, in wrapper
    return func(self, *args, **kwargs)
           ^^^^^^^^^^^^^^^^^^^^^^^^^^^
  File "/home/airflow/.local/lib/python3.11/site-packages/airflow/operators/python.py", line 238, in execute
    return_value = self.execute_callable()
                   ^^^^^^^^^^^^^^^^^^^^^^^
  File "/home/airflow/.local/lib/python3.11/site-packages/airflow/operators/python.py", line 256, in execute_callable
    return runner.run(*self.op_args, **self.op_kwargs)
           ^^^^^^^^^^^^^^^^^^^^^^^^^^^^^^^^^^^^^^^^^^^
  File "/home/airflow/.local/lib/python3.11/site-packages/airflow/utils/operator_helpers.py", line 252, in run
    return self.func(*args, **kwargs)
           ^^^^^^^^^^^^^^^^^^^^^^^^^^
  File "/opt/airflow/dags/pg_to_ch_dag.py", line 252, in load_terminal_dim
    pg = pg_conn()
         ^^^^^^^^^
  File "/opt/airflow/dags/pg_to_ch_dag.py", line 25, in pg_conn
    return psycopg2.connect(
           ^^^^^^^^^^^^^^^^^
  File "/home/airflow/.local/lib/python3.11/site-packages/psycopg2/__init__.py", line 122, in connect
    conn = _connect(dsn, connection_factory=connection_factory, **kwasync)
           ^^^^^^^^^^^^^^^^^^^^^^^^^^^^^^^^^^^^^^^^^^^^^^^^^^^^^^^^^^^^^^^
psycopg2.OperationalError: connection to server at "rc1b-o3ezvcgz5072sgar.mdb.yandexcloud.net" (158.160.70.84), port 6432 failed: ERROR:  odyssey: c3125f047a465: incorrect password

[2025-12-09T14:08:57.956+0000] {taskinstance.py:1225} INFO - Marking task as FAILED. dag_id=pg_to_ch_simple_dwh, task_id=load_dim_terminal, run_id=manual__2025-12-09T14:08:49.533553+00:00, execution_date=20251209T140849, start_date=20251209T140857, end_date=20251209T140857
[2025-12-09T14:08:57.963+0000] {taskinstance.py:340} INFO - ::group::Post task execution logs
[2025-12-09T14:08:57.964+0000] {standard_task_runner.py:124} ERROR - Failed to execute job 10 for task load_dim_terminal (connection to server at "rc1b-o3ezvcgz5072sgar.mdb.yandexcloud.net" (158.160.70.84), port 6432 failed: ERROR:  odyssey: c3125f047a465: incorrect password
; 82)
Traceback (most recent call last):
  File "/home/airflow/.local/lib/python3.11/site-packages/airflow/task/task_runner/standard_task_runner.py", line 117, in _start_by_fork
    ret = args.func(args, dag=self.dag)
          ^^^^^^^^^^^^^^^^^^^^^^^^^^^^^
  File "/home/airflow/.local/lib/python3.11/site-packages/airflow/cli/cli_config.py", line 49, in command
    return func(*args, **kwargs)
           ^^^^^^^^^^^^^^^^^^^^^
  File "/home/airflow/.local/lib/python3.11/site-packages/airflow/utils/cli.py", line 115, in wrapper
    return f(*args, **kwargs)
           ^^^^^^^^^^^^^^^^^^
  File "/home/airflow/.local/lib/python3.11/site-packages/airflow/cli/commands/task_command.py", line 483, in task_run
    task_return_code = _run_task_by_selected_method(args, _dag, ti)
                       ^^^^^^^^^^^^^^^^^^^^^^^^^^^^^^^^^^^^^^^^^^^^
  File "/home/airflow/.local/lib/python3.11/site-packages/airflow/cli/commands/task_command.py", line 256, in _run_task_by_selected_method
    return _run_raw_task(args, ti)
           ^^^^^^^^^^^^^^^^^^^^^^^
  File "/home/airflow/.local/lib/python3.11/site-packages/airflow/cli/commands/task_command.py", line 341, in _run_raw_task
    return ti._run_raw_task(
           ^^^^^^^^^^^^^^^^^
  File "/home/airflow/.local/lib/python3.11/site-packages/airflow/utils/session.py", line 97, in wrapper
    return func(*args, session=session, **kwargs)
           ^^^^^^^^^^^^^^^^^^^^^^^^^^^^^^^^^^^^^^
  File "/home/airflow/.local/lib/python3.11/site-packages/airflow/models/taskinstance.py", line 2995, in _run_raw_task
    return _run_raw_task(
           ^^^^^^^^^^^^^^
  File "/home/airflow/.local/lib/python3.11/site-packages/airflow/models/taskinstance.py", line 273, in _run_raw_task
    TaskInstance._execute_task_with_callbacks(
  File "/home/airflow/.local/lib/python3.11/site-packages/airflow/models/taskinstance.py", line 3149, in _execute_task_with_callbacks
    result = self._execute_task(context, task_orig)
             ^^^^^^^^^^^^^^^^^^^^^^^^^^^^^^^^^^^^^^
  File "/home/airflow/.local/lib/python3.11/site-packages/airflow/models/taskinstance.py", line 3173, in _execute_task
    return _execute_task(self, context, task_orig)
           ^^^^^^^^^^^^^^^^^^^^^^^^^^^^^^^^^^^^^^^
  File "/home/airflow/.local/lib/python3.11/site-packages/airflow/models/taskinstance.py", line 767, in _execute_task
    result = _execute_callable(context=context, **execute_callable_kwargs)
             ^^^^^^^^^^^^^^^^^^^^^^^^^^^^^^^^^^^^^^^^^^^^^^^^^^^^^^^^^^^^^
  File "/home/airflow/.local/lib/python3.11/site-packages/airflow/models/taskinstance.py", line 733, in _execute_callable
    return ExecutionCallableRunner(
           ^^^^^^^^^^^^^^^^^^^^^^^^
  File "/home/airflow/.local/lib/python3.11/site-packages/airflow/utils/operator_helpers.py", line 252, in run
    return self.func(*args, **kwargs)
           ^^^^^^^^^^^^^^^^^^^^^^^^^^
  File "/home/airflow/.local/lib/python3.11/site-packages/airflow/models/baseoperator.py", line 406, in wrapper
    return func(self, *args, **kwargs)
           ^^^^^^^^^^^^^^^^^^^^^^^^^^^
  File "/home/airflow/.local/lib/python3.11/site-packages/airflow/operators/python.py", line 238, in execute
    return_value = self.execute_callable()
                   ^^^^^^^^^^^^^^^^^^^^^^^
  File "/home/airflow/.local/lib/python3.11/site-packages/airflow/operators/python.py", line 256, in execute_callable
    return runner.run(*self.op_args, **self.op_kwargs)
           ^^^^^^^^^^^^^^^^^^^^^^^^^^^^^^^^^^^^^^^^^^^
  File "/home/airflow/.local/lib/python3.11/site-packages/airflow/utils/operator_helpers.py", line 252, in run
    return self.func(*args, **kwargs)
           ^^^^^^^^^^^^^^^^^^^^^^^^^^
  File "/opt/airflow/dags/pg_to_ch_dag.py", line 252, in load_terminal_dim
    pg = pg_conn()
         ^^^^^^^^^
  File "/opt/airflow/dags/pg_to_ch_dag.py", line 25, in pg_conn
    return psycopg2.connect(
           ^^^^^^^^^^^^^^^^^
  File "/home/airflow/.local/lib/python3.11/site-packages/psycopg2/__init__.py", line 122, in connect
    conn = _connect(dsn, connection_factory=connection_factory, **kwasync)
           ^^^^^^^^^^^^^^^^^^^^^^^^^^^^^^^^^^^^^^^^^^^^^^^^^^^^^^^^^^^^^^^
psycopg2.OperationalError: connection to server at "rc1b-o3ezvcgz5072sgar.mdb.yandexcloud.net" (158.160.70.84), port 6432 failed: ERROR:  odyssey: c3125f047a465: incorrect password

[2025-12-09T14:08:57.968+0000] {local_task_job_runner.py:261} INFO - Task exited with return code 1
[2025-12-09T14:08:57.976+0000] {taskinstance.py:3891} INFO - 0 downstream tasks scheduled from follow-on schedule check
[2025-12-09T14:08:57.976+0000] {local_task_job_runner.py:240} INFO - ::endgroup::
