[2025-12-09T14:15:07.495+0000] {local_task_job_runner.py:123} INFO - ::group::Pre task execution logs
[2025-12-09T14:15:07.499+0000] {taskinstance.py:2603} INFO - Dependencies all met for dep_context=non-requeueable deps ti=<TaskInstance: pg_to_ch_simple_dwh.load_dim_card scheduled__2025-12-09T14:00:00+00:00 [queued]>
[2025-12-09T14:15:07.501+0000] {taskinstance.py:2603} INFO - Dependencies all met for dep_context=requeueable deps ti=<TaskInstance: pg_to_ch_simple_dwh.load_dim_card scheduled__2025-12-09T14:00:00+00:00 [queued]>
[2025-12-09T14:15:07.501+0000] {taskinstance.py:2856} INFO - Starting attempt 1 of 1
[2025-12-09T14:15:07.506+0000] {taskinstance.py:2879} INFO - Executing <Task(PythonOperator): load_dim_card> on 2025-12-09 14:00:00+00:00
[2025-12-09T14:15:07.508+0000] {standard_task_runner.py:72} INFO - Started process 116 to run task
[2025-12-09T14:15:07.510+0000] {standard_task_runner.py:104} INFO - Running: ['airflow', 'tasks', 'run', 'pg_to_ch_simple_dwh', 'load_dim_card', 'scheduled__2025-12-09T14:00:00+00:00', '--job-id', '8', '--raw', '--subdir', 'DAGS_FOLDER/pg_to_ch_dag.py', '--cfg-path', '/tmp/tmp_gfk8l9w']
[2025-12-09T14:15:07.511+0000] {standard_task_runner.py:105} INFO - Job 8: Subtask load_dim_card
[2025-12-09T14:15:07.528+0000] {task_command.py:467} INFO - Running <TaskInstance: pg_to_ch_simple_dwh.load_dim_card scheduled__2025-12-09T14:00:00+00:00 [running]> on host 1c74b019c4d4
[2025-12-09T14:15:07.552+0000] {taskinstance.py:3122} INFO - Exporting env vars: AIRFLOW_CTX_DAG_OWNER='airflow' AIRFLOW_CTX_DAG_ID='pg_to_ch_simple_dwh' AIRFLOW_CTX_TASK_ID='load_dim_card' AIRFLOW_CTX_EXECUTION_DATE='2025-12-09T14:00:00+00:00' AIRFLOW_CTX_TRY_NUMBER='1' AIRFLOW_CTX_DAG_RUN_ID='scheduled__2025-12-09T14:00:00+00:00'
[2025-12-09T14:15:07.553+0000] {taskinstance.py:731} INFO - ::endgroup::
[2025-12-09T14:15:08.004+0000] {taskinstance.py:3301} ERROR - Task failed with exception
Traceback (most recent call last):
  File "/home/airflow/.local/lib/python3.11/site-packages/airflow/models/taskinstance.py", line 767, in _execute_task
    result = _execute_callable(context=context, **execute_callable_kwargs)
             ^^^^^^^^^^^^^^^^^^^^^^^^^^^^^^^^^^^^^^^^^^^^^^^^^^^^^^^^^^^^^
  File "/home/airflow/.local/lib/python3.11/site-packages/airflow/models/taskinstance.py", line 733, in _execute_callable
    return ExecutionCallableRunner(
           ^^^^^^^^^^^^^^^^^^^^^^^^
  File "/home/airflow/.local/lib/python3.11/site-packages/airflow/utils/operator_helpers.py", line 252, in run
    return self.func(*args, **kwargs)
           ^^^^^^^^^^^^^^^^^^^^^^^^^^
  File "/home/airflow/.local/lib/python3.11/site-packages/airflow/models/baseoperator.py", line 406, in wrapper
    return func(self, *args, **kwargs)
           ^^^^^^^^^^^^^^^^^^^^^^^^^^^
  File "/home/airflow/.local/lib/python3.11/site-packages/airflow/operators/python.py", line 238, in execute
    return_value = self.execute_callable()
                   ^^^^^^^^^^^^^^^^^^^^^^^
  File "/home/airflow/.local/lib/python3.11/site-packages/airflow/operators/python.py", line 256, in execute_callable
    return runner.run(*self.op_args, **self.op_kwargs)
           ^^^^^^^^^^^^^^^^^^^^^^^^^^^^^^^^^^^^^^^^^^^
  File "/home/airflow/.local/lib/python3.11/site-packages/airflow/utils/operator_helpers.py", line 252, in run
    return self.func(*args, **kwargs)
           ^^^^^^^^^^^^^^^^^^^^^^^^^^
  File "/opt/airflow/dags/pg_to_ch_dag.py", line 203, in load_card_dim
    ch.execute("TRUNCATE TABLE bank_dwh.stg_card;")
  File "/home/airflow/.local/lib/python3.11/site-packages/clickhouse_driver/client.py", line 370, in execute
    with self.disconnect_on_error(query, settings):
  File "/usr/local/lib/python3.11/contextlib.py", line 137, in __enter__
    return next(self.gen)
           ^^^^^^^^^^^^^^
  File "/home/airflow/.local/lib/python3.11/site-packages/clickhouse_driver/client.py", line 313, in disconnect_on_error
    self.establish_connection(settings)
  File "/home/airflow/.local/lib/python3.11/site-packages/clickhouse_driver/client.py", line 300, in establish_connection
    self.connection.force_connect()
  File "/home/airflow/.local/lib/python3.11/site-packages/clickhouse_driver/connection.py", line 278, in force_connect
    self.connect()
  File "/home/airflow/.local/lib/python3.11/site-packages/clickhouse_driver/connection.py", line 428, in connect
    return self._init_connection(host, port)
           ^^^^^^^^^^^^^^^^^^^^^^^^^^^^^^^^^
  File "/home/airflow/.local/lib/python3.11/site-packages/clickhouse_driver/connection.py", line 372, in _init_connection
    self.receive_hello()
  File "/home/airflow/.local/lib/python3.11/site-packages/clickhouse_driver/connection.py", line 557, in receive_hello
    raise self.receive_exception()
clickhouse_driver.errors.ServerException: Code: 516.
DB::Exception: default: Authentication failed: password is incorrect, or there is no user with such name.

If you have installed ClickHouse and forgot password you can reset it in the configuration file.
The password for default user is typically located at /etc/clickhouse-server/users.d/default-password.xml
and deleting this file will reset the password.
See also /etc/clickhouse-server/users.xml on the server where ClickHouse is installed.

. Stack trace:

0. DB::Exception::Exception(DB::Exception::MessageMasked&&, int, bool) @ 0x000000000bc5ad84
1. DB::Exception::Exception(PreformattedMessage&&, int) @ 0x000000000759e65c
2. DB::AccessControl::authenticate(DB::Credentials const&, Poco::Net::IPAddress const&, String const&) const @ 0x000000000e69bac4
3. DB::Session::authenticate(DB::Credentials const&, Poco::Net::SocketAddress const&) @ 0x000000000f4acb40
4. DB::TCPHandler::receiveHello() @ 0x00000000105cc4c4
5. DB::TCPHandler::runImpl() @ 0x00000000105c2bf0
6. DB::TCPHandler::run() @ 0x00000000105da408
7. Poco::Net::TCPServerConnection::start() @ 0x0000000012d5ad18
8. Poco::Net::TCPServerDispatcher::run() @ 0x0000000012d5b1f4
9. Poco::PooledThread::run() @ 0x0000000012d26234
10. Poco::ThreadImpl::runnableEntry(void*) @ 0x0000000012d24670
11. start_thread @ 0x0000000000007624
12. ? @ 0x00000000000d162c

[2025-12-09T14:15:08.015+0000] {taskinstance.py:1225} INFO - Marking task as FAILED. dag_id=pg_to_ch_simple_dwh, task_id=load_dim_card, run_id=scheduled__2025-12-09T14:00:00+00:00, execution_date=20251209T140000, start_date=20251209T141507, end_date=20251209T141508
[2025-12-09T14:15:08.029+0000] {taskinstance.py:340} INFO - ::group::Post task execution logs
[2025-12-09T14:15:08.030+0000] {standard_task_runner.py:124} ERROR - Failed to execute job 8 for task load_dim_card (Code: 516.
DB::Exception: default: Authentication failed: password is incorrect, or there is no user with such name.

If you have installed ClickHouse and forgot password you can reset it in the configuration file.
The password for default user is typically located at /etc/clickhouse-server/users.d/default-password.xml
and deleting this file will reset the password.
See also /etc/clickhouse-server/users.xml on the server where ClickHouse is installed.

. Stack trace:

0. DB::Exception::Exception(DB::Exception::MessageMasked&&, int, bool) @ 0x000000000bc5ad84
1. DB::Exception::Exception(PreformattedMessage&&, int) @ 0x000000000759e65c
2. DB::AccessControl::authenticate(DB::Credentials const&, Poco::Net::IPAddress const&, String const&) const @ 0x000000000e69bac4
3. DB::Session::authenticate(DB::Credentials const&, Poco::Net::SocketAddress const&) @ 0x000000000f4acb40
4. DB::TCPHandler::receiveHello() @ 0x00000000105cc4c4
5. DB::TCPHandler::runImpl() @ 0x00000000105c2bf0
6. DB::TCPHandler::run() @ 0x00000000105da408
7. Poco::Net::TCPServerConnection::start() @ 0x0000000012d5ad18
8. Poco::Net::TCPServerDispatcher::run() @ 0x0000000012d5b1f4
9. Poco::PooledThread::run() @ 0x0000000012d26234
10. Poco::ThreadImpl::runnableEntry(void*) @ 0x0000000012d24670
11. start_thread @ 0x0000000000007624
12. ? @ 0x00000000000d162c
; 116)
Traceback (most recent call last):
  File "/home/airflow/.local/lib/python3.11/site-packages/airflow/task/task_runner/standard_task_runner.py", line 117, in _start_by_fork
    ret = args.func(args, dag=self.dag)
          ^^^^^^^^^^^^^^^^^^^^^^^^^^^^^
  File "/home/airflow/.local/lib/python3.11/site-packages/airflow/cli/cli_config.py", line 49, in command
    return func(*args, **kwargs)
           ^^^^^^^^^^^^^^^^^^^^^
  File "/home/airflow/.local/lib/python3.11/site-packages/airflow/utils/cli.py", line 115, in wrapper
    return f(*args, **kwargs)
           ^^^^^^^^^^^^^^^^^^
  File "/home/airflow/.local/lib/python3.11/site-packages/airflow/cli/commands/task_command.py", line 483, in task_run
    task_return_code = _run_task_by_selected_method(args, _dag, ti)
                       ^^^^^^^^^^^^^^^^^^^^^^^^^^^^^^^^^^^^^^^^^^^^
  File "/home/airflow/.local/lib/python3.11/site-packages/airflow/cli/commands/task_command.py", line 256, in _run_task_by_selected_method
    return _run_raw_task(args, ti)
           ^^^^^^^^^^^^^^^^^^^^^^^
  File "/home/airflow/.local/lib/python3.11/site-packages/airflow/cli/commands/task_command.py", line 341, in _run_raw_task
    return ti._run_raw_task(
           ^^^^^^^^^^^^^^^^^
  File "/home/airflow/.local/lib/python3.11/site-packages/airflow/utils/session.py", line 97, in wrapper
    return func(*args, session=session, **kwargs)
           ^^^^^^^^^^^^^^^^^^^^^^^^^^^^^^^^^^^^^^
  File "/home/airflow/.local/lib/python3.11/site-packages/airflow/models/taskinstance.py", line 2995, in _run_raw_task
    return _run_raw_task(
           ^^^^^^^^^^^^^^
  File "/home/airflow/.local/lib/python3.11/site-packages/airflow/models/taskinstance.py", line 273, in _run_raw_task
    TaskInstance._execute_task_with_callbacks(
  File "/home/airflow/.local/lib/python3.11/site-packages/airflow/models/taskinstance.py", line 3149, in _execute_task_with_callbacks
    result = self._execute_task(context, task_orig)
             ^^^^^^^^^^^^^^^^^^^^^^^^^^^^^^^^^^^^^^
  File "/home/airflow/.local/lib/python3.11/site-packages/airflow/models/taskinstance.py", line 3173, in _execute_task
    return _execute_task(self, context, task_orig)
           ^^^^^^^^^^^^^^^^^^^^^^^^^^^^^^^^^^^^^^^
  File "/home/airflow/.local/lib/python3.11/site-packages/airflow/models/taskinstance.py", line 767, in _execute_task
    result = _execute_callable(context=context, **execute_callable_kwargs)
             ^^^^^^^^^^^^^^^^^^^^^^^^^^^^^^^^^^^^^^^^^^^^^^^^^^^^^^^^^^^^^
  File "/home/airflow/.local/lib/python3.11/site-packages/airflow/models/taskinstance.py", line 733, in _execute_callable
    return ExecutionCallableRunner(
           ^^^^^^^^^^^^^^^^^^^^^^^^
  File "/home/airflow/.local/lib/python3.11/site-packages/airflow/utils/operator_helpers.py", line 252, in run
    return self.func(*args, **kwargs)
           ^^^^^^^^^^^^^^^^^^^^^^^^^^
  File "/home/airflow/.local/lib/python3.11/site-packages/airflow/models/baseoperator.py", line 406, in wrapper
    return func(self, *args, **kwargs)
           ^^^^^^^^^^^^^^^^^^^^^^^^^^^
  File "/home/airflow/.local/lib/python3.11/site-packages/airflow/operators/python.py", line 238, in execute
    return_value = self.execute_callable()
                   ^^^^^^^^^^^^^^^^^^^^^^^
  File "/home/airflow/.local/lib/python3.11/site-packages/airflow/operators/python.py", line 256, in execute_callable
    return runner.run(*self.op_args, **self.op_kwargs)
           ^^^^^^^^^^^^^^^^^^^^^^^^^^^^^^^^^^^^^^^^^^^
  File "/home/airflow/.local/lib/python3.11/site-packages/airflow/utils/operator_helpers.py", line 252, in run
    return self.func(*args, **kwargs)
           ^^^^^^^^^^^^^^^^^^^^^^^^^^
  File "/opt/airflow/dags/pg_to_ch_dag.py", line 203, in load_card_dim
    ch.execute("TRUNCATE TABLE bank_dwh.stg_card;")
  File "/home/airflow/.local/lib/python3.11/site-packages/clickhouse_driver/client.py", line 370, in execute
    with self.disconnect_on_error(query, settings):
  File "/usr/local/lib/python3.11/contextlib.py", line 137, in __enter__
    return next(self.gen)
           ^^^^^^^^^^^^^^
  File "/home/airflow/.local/lib/python3.11/site-packages/clickhouse_driver/client.py", line 313, in disconnect_on_error
    self.establish_connection(settings)
  File "/home/airflow/.local/lib/python3.11/site-packages/clickhouse_driver/client.py", line 300, in establish_connection
    self.connection.force_connect()
  File "/home/airflow/.local/lib/python3.11/site-packages/clickhouse_driver/connection.py", line 278, in force_connect
    self.connect()
  File "/home/airflow/.local/lib/python3.11/site-packages/clickhouse_driver/connection.py", line 428, in connect
    return self._init_connection(host, port)
           ^^^^^^^^^^^^^^^^^^^^^^^^^^^^^^^^^
  File "/home/airflow/.local/lib/python3.11/site-packages/clickhouse_driver/connection.py", line 372, in _init_connection
    self.receive_hello()
  File "/home/airflow/.local/lib/python3.11/site-packages/clickhouse_driver/connection.py", line 557, in receive_hello
    raise self.receive_exception()
clickhouse_driver.errors.ServerException: Code: 516.
DB::Exception: default: Authentication failed: password is incorrect, or there is no user with such name.

If you have installed ClickHouse and forgot password you can reset it in the configuration file.
The password for default user is typically located at /etc/clickhouse-server/users.d/default-password.xml
and deleting this file will reset the password.
See also /etc/clickhouse-server/users.xml on the server where ClickHouse is installed.

. Stack trace:

0. DB::Exception::Exception(DB::Exception::MessageMasked&&, int, bool) @ 0x000000000bc5ad84
1. DB::Exception::Exception(PreformattedMessage&&, int) @ 0x000000000759e65c
2. DB::AccessControl::authenticate(DB::Credentials const&, Poco::Net::IPAddress const&, String const&) const @ 0x000000000e69bac4
3. DB::Session::authenticate(DB::Credentials const&, Poco::Net::SocketAddress const&) @ 0x000000000f4acb40
4. DB::TCPHandler::receiveHello() @ 0x00000000105cc4c4
5. DB::TCPHandler::runImpl() @ 0x00000000105c2bf0
6. DB::TCPHandler::run() @ 0x00000000105da408
7. Poco::Net::TCPServerConnection::start() @ 0x0000000012d5ad18
8. Poco::Net::TCPServerDispatcher::run() @ 0x0000000012d5b1f4
9. Poco::PooledThread::run() @ 0x0000000012d26234
10. Poco::ThreadImpl::runnableEntry(void*) @ 0x0000000012d24670
11. start_thread @ 0x0000000000007624
12. ? @ 0x00000000000d162c

[2025-12-09T14:15:08.073+0000] {local_task_job_runner.py:261} INFO - Task exited with return code 1
[2025-12-09T14:15:08.086+0000] {taskinstance.py:3891} INFO - 0 downstream tasks scheduled from follow-on schedule check
[2025-12-09T14:15:08.087+0000] {local_task_job_runner.py:240} INFO - ::endgroup::
[2025-12-09T14:27:28.529+0000] {local_task_job_runner.py:123} INFO - ::group::Pre task execution logs
[2025-12-09T14:27:28.532+0000] {taskinstance.py:2603} INFO - Dependencies all met for dep_context=non-requeueable deps ti=<TaskInstance: pg_to_ch_simple_dwh.load_dim_card scheduled__2025-12-09T14:00:00+00:00 [queued]>
[2025-12-09T14:27:28.534+0000] {taskinstance.py:2603} INFO - Dependencies all met for dep_context=requeueable deps ti=<TaskInstance: pg_to_ch_simple_dwh.load_dim_card scheduled__2025-12-09T14:00:00+00:00 [queued]>
[2025-12-09T14:27:28.534+0000] {taskinstance.py:2856} INFO - Starting attempt 1 of 1
[2025-12-09T14:27:28.538+0000] {taskinstance.py:2879} INFO - Executing <Task(PythonOperator): load_dim_card> on 2025-12-09 14:00:00+00:00
[2025-12-09T14:27:28.539+0000] {standard_task_runner.py:72} INFO - Started process 75 to run task
[2025-12-09T14:27:28.541+0000] {standard_task_runner.py:104} INFO - Running: ['airflow', 'tasks', 'run', 'pg_to_ch_simple_dwh', 'load_dim_card', 'scheduled__2025-12-09T14:00:00+00:00', '--job-id', '4', '--raw', '--subdir', 'DAGS_FOLDER/pg_to_ch_dag.py', '--cfg-path', '/tmp/tmpkpjje8ll']
[2025-12-09T14:27:28.542+0000] {standard_task_runner.py:105} INFO - Job 4: Subtask load_dim_card
[2025-12-09T14:27:28.555+0000] {task_command.py:467} INFO - Running <TaskInstance: pg_to_ch_simple_dwh.load_dim_card scheduled__2025-12-09T14:00:00+00:00 [running]> on host 01c80ea1f121
[2025-12-09T14:27:28.573+0000] {taskinstance.py:3122} INFO - Exporting env vars: AIRFLOW_CTX_DAG_OWNER='airflow' AIRFLOW_CTX_DAG_ID='pg_to_ch_simple_dwh' AIRFLOW_CTX_TASK_ID='load_dim_card' AIRFLOW_CTX_EXECUTION_DATE='2025-12-09T14:00:00+00:00' AIRFLOW_CTX_TRY_NUMBER='1' AIRFLOW_CTX_DAG_RUN_ID='scheduled__2025-12-09T14:00:00+00:00'
[2025-12-09T14:27:28.574+0000] {taskinstance.py:731} INFO - ::endgroup::
[2025-12-09T14:27:29.035+0000] {taskinstance.py:3301} ERROR - Task failed with exception
Traceback (most recent call last):
  File "/home/airflow/.local/lib/python3.11/site-packages/airflow/models/taskinstance.py", line 767, in _execute_task
    result = _execute_callable(context=context, **execute_callable_kwargs)
             ^^^^^^^^^^^^^^^^^^^^^^^^^^^^^^^^^^^^^^^^^^^^^^^^^^^^^^^^^^^^^
  File "/home/airflow/.local/lib/python3.11/site-packages/airflow/models/taskinstance.py", line 733, in _execute_callable
    return ExecutionCallableRunner(
           ^^^^^^^^^^^^^^^^^^^^^^^^
  File "/home/airflow/.local/lib/python3.11/site-packages/airflow/utils/operator_helpers.py", line 252, in run
    return self.func(*args, **kwargs)
           ^^^^^^^^^^^^^^^^^^^^^^^^^^
  File "/home/airflow/.local/lib/python3.11/site-packages/airflow/models/baseoperator.py", line 406, in wrapper
    return func(self, *args, **kwargs)
           ^^^^^^^^^^^^^^^^^^^^^^^^^^^
  File "/home/airflow/.local/lib/python3.11/site-packages/airflow/operators/python.py", line 238, in execute
    return_value = self.execute_callable()
                   ^^^^^^^^^^^^^^^^^^^^^^^
  File "/home/airflow/.local/lib/python3.11/site-packages/airflow/operators/python.py", line 256, in execute_callable
    return runner.run(*self.op_args, **self.op_kwargs)
           ^^^^^^^^^^^^^^^^^^^^^^^^^^^^^^^^^^^^^^^^^^^
  File "/home/airflow/.local/lib/python3.11/site-packages/airflow/utils/operator_helpers.py", line 252, in run
    return self.func(*args, **kwargs)
           ^^^^^^^^^^^^^^^^^^^^^^^^^^
  File "/opt/airflow/dags/pg_to_ch_dag.py", line 227, in load_card_dim
    ch.execute("""
  File "/home/airflow/.local/lib/python3.11/site-packages/clickhouse_driver/client.py", line 376, in execute
    rv = self.process_insert_query(
         ^^^^^^^^^^^^^^^^^^^^^^^^^^
  File "/home/airflow/.local/lib/python3.11/site-packages/clickhouse_driver/client.py", line 607, in process_insert_query
    rv = self.send_data(sample_block, data,
         ^^^^^^^^^^^^^^^^^^^^^^^^^^^^^^^^^^
  File "/home/airflow/.local/lib/python3.11/site-packages/clickhouse_driver/client.py", line 660, in send_data
    self.connection.send_data(block)
  File "/home/airflow/.local/lib/python3.11/site-packages/clickhouse_driver/connection.py", line 720, in send_data
    self.block_out.write(block)
  File "/home/airflow/.local/lib/python3.11/site-packages/clickhouse_driver/streams/native.py", line 48, in write
    write_column(self.context, col_name, col_type, items,
  File "/home/airflow/.local/lib/python3.11/site-packages/clickhouse_driver/columns/service.py", line 167, in write_column
    column.write_data(items, buf)
  File "/home/airflow/.local/lib/python3.11/site-packages/clickhouse_driver/columns/base.py", line 145, in write_data
    self._write_data(items, buf)
  File "/home/airflow/.local/lib/python3.11/site-packages/clickhouse_driver/columns/base.py", line 148, in _write_data
    prepared = self.prepare_items(items)
               ^^^^^^^^^^^^^^^^^^^^^^^^^
  File "/home/airflow/.local/lib/python3.11/site-packages/clickhouse_driver/columns/base.py", line 137, in prepare_items
    self.before_write_items(items, nulls_map=nulls_map)
  File "/home/airflow/.local/lib/python3.11/site-packages/clickhouse_driver/columns/datetimecolumn.py", line 74, in before_write_items
    if item.tzinfo is None:
       ^^^^^^^^^^^
AttributeError: 'NoneType' object has no attribute 'tzinfo'
[2025-12-09T14:27:29.043+0000] {taskinstance.py:1225} INFO - Marking task as FAILED. dag_id=pg_to_ch_simple_dwh, task_id=load_dim_card, run_id=scheduled__2025-12-09T14:00:00+00:00, execution_date=20251209T140000, start_date=20251209T142728, end_date=20251209T142729
[2025-12-09T14:27:29.052+0000] {taskinstance.py:340} INFO - ::group::Post task execution logs
[2025-12-09T14:27:29.052+0000] {standard_task_runner.py:124} ERROR - Failed to execute job 4 for task load_dim_card ('NoneType' object has no attribute 'tzinfo'; 75)
Traceback (most recent call last):
  File "/home/airflow/.local/lib/python3.11/site-packages/airflow/task/task_runner/standard_task_runner.py", line 117, in _start_by_fork
    ret = args.func(args, dag=self.dag)
          ^^^^^^^^^^^^^^^^^^^^^^^^^^^^^
  File "/home/airflow/.local/lib/python3.11/site-packages/airflow/cli/cli_config.py", line 49, in command
    return func(*args, **kwargs)
           ^^^^^^^^^^^^^^^^^^^^^
  File "/home/airflow/.local/lib/python3.11/site-packages/airflow/utils/cli.py", line 115, in wrapper
    return f(*args, **kwargs)
           ^^^^^^^^^^^^^^^^^^
  File "/home/airflow/.local/lib/python3.11/site-packages/airflow/cli/commands/task_command.py", line 483, in task_run
    task_return_code = _run_task_by_selected_method(args, _dag, ti)
                       ^^^^^^^^^^^^^^^^^^^^^^^^^^^^^^^^^^^^^^^^^^^^
  File "/home/airflow/.local/lib/python3.11/site-packages/airflow/cli/commands/task_command.py", line 256, in _run_task_by_selected_method
    return _run_raw_task(args, ti)
           ^^^^^^^^^^^^^^^^^^^^^^^
  File "/home/airflow/.local/lib/python3.11/site-packages/airflow/cli/commands/task_command.py", line 341, in _run_raw_task
    return ti._run_raw_task(
           ^^^^^^^^^^^^^^^^^
  File "/home/airflow/.local/lib/python3.11/site-packages/airflow/utils/session.py", line 97, in wrapper
    return func(*args, session=session, **kwargs)
           ^^^^^^^^^^^^^^^^^^^^^^^^^^^^^^^^^^^^^^
  File "/home/airflow/.local/lib/python3.11/site-packages/airflow/models/taskinstance.py", line 2995, in _run_raw_task
    return _run_raw_task(
           ^^^^^^^^^^^^^^
  File "/home/airflow/.local/lib/python3.11/site-packages/airflow/models/taskinstance.py", line 273, in _run_raw_task
    TaskInstance._execute_task_with_callbacks(
  File "/home/airflow/.local/lib/python3.11/site-packages/airflow/models/taskinstance.py", line 3149, in _execute_task_with_callbacks
    result = self._execute_task(context, task_orig)
             ^^^^^^^^^^^^^^^^^^^^^^^^^^^^^^^^^^^^^^
  File "/home/airflow/.local/lib/python3.11/site-packages/airflow/models/taskinstance.py", line 3173, in _execute_task
    return _execute_task(self, context, task_orig)
           ^^^^^^^^^^^^^^^^^^^^^^^^^^^^^^^^^^^^^^^
  File "/home/airflow/.local/lib/python3.11/site-packages/airflow/models/taskinstance.py", line 767, in _execute_task
    result = _execute_callable(context=context, **execute_callable_kwargs)
             ^^^^^^^^^^^^^^^^^^^^^^^^^^^^^^^^^^^^^^^^^^^^^^^^^^^^^^^^^^^^^
  File "/home/airflow/.local/lib/python3.11/site-packages/airflow/models/taskinstance.py", line 733, in _execute_callable
    return ExecutionCallableRunner(
           ^^^^^^^^^^^^^^^^^^^^^^^^
  File "/home/airflow/.local/lib/python3.11/site-packages/airflow/utils/operator_helpers.py", line 252, in run
    return self.func(*args, **kwargs)
           ^^^^^^^^^^^^^^^^^^^^^^^^^^
  File "/home/airflow/.local/lib/python3.11/site-packages/airflow/models/baseoperator.py", line 406, in wrapper
    return func(self, *args, **kwargs)
           ^^^^^^^^^^^^^^^^^^^^^^^^^^^
  File "/home/airflow/.local/lib/python3.11/site-packages/airflow/operators/python.py", line 238, in execute
    return_value = self.execute_callable()
                   ^^^^^^^^^^^^^^^^^^^^^^^
  File "/home/airflow/.local/lib/python3.11/site-packages/airflow/operators/python.py", line 256, in execute_callable
    return runner.run(*self.op_args, **self.op_kwargs)
           ^^^^^^^^^^^^^^^^^^^^^^^^^^^^^^^^^^^^^^^^^^^
  File "/home/airflow/.local/lib/python3.11/site-packages/airflow/utils/operator_helpers.py", line 252, in run
    return self.func(*args, **kwargs)
           ^^^^^^^^^^^^^^^^^^^^^^^^^^
  File "/opt/airflow/dags/pg_to_ch_dag.py", line 227, in load_card_dim
    ch.execute("""
  File "/home/airflow/.local/lib/python3.11/site-packages/clickhouse_driver/client.py", line 376, in execute
    rv = self.process_insert_query(
         ^^^^^^^^^^^^^^^^^^^^^^^^^^
  File "/home/airflow/.local/lib/python3.11/site-packages/clickhouse_driver/client.py", line 607, in process_insert_query
    rv = self.send_data(sample_block, data,
         ^^^^^^^^^^^^^^^^^^^^^^^^^^^^^^^^^^
  File "/home/airflow/.local/lib/python3.11/site-packages/clickhouse_driver/client.py", line 660, in send_data
    self.connection.send_data(block)
  File "/home/airflow/.local/lib/python3.11/site-packages/clickhouse_driver/connection.py", line 720, in send_data
    self.block_out.write(block)
  File "/home/airflow/.local/lib/python3.11/site-packages/clickhouse_driver/streams/native.py", line 48, in write
    write_column(self.context, col_name, col_type, items,
  File "/home/airflow/.local/lib/python3.11/site-packages/clickhouse_driver/columns/service.py", line 167, in write_column
    column.write_data(items, buf)
  File "/home/airflow/.local/lib/python3.11/site-packages/clickhouse_driver/columns/base.py", line 145, in write_data
    self._write_data(items, buf)
  File "/home/airflow/.local/lib/python3.11/site-packages/clickhouse_driver/columns/base.py", line 148, in _write_data
    prepared = self.prepare_items(items)
               ^^^^^^^^^^^^^^^^^^^^^^^^^
  File "/home/airflow/.local/lib/python3.11/site-packages/clickhouse_driver/columns/base.py", line 137, in prepare_items
    self.before_write_items(items, nulls_map=nulls_map)
  File "/home/airflow/.local/lib/python3.11/site-packages/clickhouse_driver/columns/datetimecolumn.py", line 74, in before_write_items
    if item.tzinfo is None:
       ^^^^^^^^^^^
AttributeError: 'NoneType' object has no attribute 'tzinfo'
[2025-12-09T14:27:29.099+0000] {local_task_job_runner.py:261} INFO - Task exited with return code 1
[2025-12-09T14:27:29.110+0000] {taskinstance.py:3891} INFO - 0 downstream tasks scheduled from follow-on schedule check
[2025-12-09T14:27:29.110+0000] {local_task_job_runner.py:240} INFO - ::endgroup::
